<?xml version="1.0" encoding="UTF-8"?>
<testng-results ignored="0" total="1" passed="1" failed="0" skipped="0">
  <reporter-output>
  </reporter-output>
  <suite started-at="2024-04-14T07:19:56 BST" name="Default suite" finished-at="2024-04-14T07:20:01 BST" duration-ms="5602">
    <groups>
    </groups>
    <test started-at="2024-04-14T07:19:56 BST" name="Default test" finished-at="2024-04-14T07:20:01 BST" duration-ms="5602">
      <class name="flexiquiz.login.LoginTest">
        <test-method signature="openHomePage()[pri:0, instance:flexiquiz.login.LoginTest@48e4374]" started-at="2024-04-14T07:19:56 BST" name="openHomePage" finished-at="2024-04-14T07:20:01 BST" duration-ms="5560" status="PASS">
          <reporter-output>
          </reporter-output>
        </test-method> <!-- openHomePage -->
      </class> <!-- flexiquiz.login.LoginTest -->
    </test> <!-- Default test -->
  </suite> <!-- Default suite -->
</testng-results>
